<?xml version="1.0" encoding="UTF-8"?>
<testsuite name="PersonalAssistantTest" tests="1" skipped="0" failures="0" errors="0" timestamp="2020-06-10T11:10:28" hostname="PMERTKl9QLF4oJiZd" time="0.094">
  <properties/>
  <testcase name="start" classname="PersonalAssistantTest" time="0.094"/>
  <system-out><![CDATA[?[1;31m
Start test 1?[0m
Hello! My name is Aid.
I was created in 2018.
Please, remind me your name.
> Marry
What a great name you have, Marry!
Let me guess your age.
Say me remainders of dividing your age by 3, 5 and 7.
> 1 0 5
Your age is 40; that's a good time to start programming!
Now I will prove to you that I can count to any number you want.
> 10
0!
1!
2!
3!
4!
5!
6!
7!
8!
9!
10!
Let's test your programming knowledge.
De que color eran las mangas del chaleco de Napoleon?
1. azules
2. blancas
3. rojas
4. no tenia mangas
> 1
Please, try again
> 2
Congratulations, have a nice day!
Congratulations, have a nice day!
]]></system-out>
  <system-err><![CDATA[]]></system-err>
</testsuite>
